<?xml version="1.0" encoding="UTF-8"?>
<testsuite name="com.learnkafka.controller.LibraryEventsControllerTest" tests="2" skipped="0" failures="0" errors="0" timestamp="2025-05-29T09:34:16.707Z" hostname="XW870J264" time="0.392">
  <properties/>
  <testcase name="postLibraryEvent()" classname="com.learnkafka.controller.LibraryEventsControllerTest" time="0.295"/>
  <testcase name="postLibraryEvent_InvalidValues()" classname="com.learnkafka.controller.LibraryEventsControllerTest" time="0.091"/>
  <system-out><![CDATA[2025-05-29T15:04:15.412+05:30  INFO 21572 --- [library-events-producer] [    Test worker] t.c.s.AnnotationConfigContextLoaderUtils : Could not detect default configuration classes for test class [com.learnkafka.controller.LibraryEventsControllerTest]: LibraryEventsControllerTest does not declare any static, non-private, non-final, nested classes annotated with @Configuration.
2025-05-29T15:04:15.499+05:30  INFO 21572 --- [library-events-producer] [    Test worker] .b.t.c.SpringBootTestContextBootstrapper : Found @SpringBootConfiguration com.learnkafka.LibraryEventsProducerApplication for test class com.learnkafka.controller.LibraryEventsControllerTest

  .   ____          _            __ _ _
 /\\ / ___'_ __ _ _(_)_ __  __ _ \ \ \ \
( ( )\___ | '_ | '_| | '_ \/ _` | \ \ \ \
 \\/  ___)| |_)| | | | | || (_| |  ) ) ) )
  '  |____| .__|_| |_|_| |_\__, | / / / /
 =========|_|==============|___/=/_/_/_/

 :: Spring Boot ::                (v3.4.5)

2025-05-29T15:04:15.609+05:30  INFO 21572 --- [library-events-producer] [    Test worker] c.l.c.LibraryEventsControllerTest        : Starting LibraryEventsControllerTest using Java 23.0.1 with PID 21572 (started by HS965NW in C:\Users\HS965NW\OneDrive - EY\Desktop\kafka-poc\library-events-producer)
2025-05-29T15:04:15.610+05:30  INFO 21572 --- [library-events-producer] [    Test worker] c.l.c.LibraryEventsControllerTest        : The following 1 profile is active: "local"
2025-05-29T15:04:16.633+05:30  INFO 21572 --- [library-events-producer] [    Test worker] o.s.b.t.m.w.SpringBootMockServletContext : Initializing Spring TestDispatcherServlet ''
2025-05-29T15:04:16.634+05:30  INFO 21572 --- [library-events-producer] [    Test worker] o.s.t.web.servlet.TestDispatcherServlet  : Initializing Servlet ''
2025-05-29T15:04:16.636+05:30  INFO 21572 --- [library-events-producer] [    Test worker] o.s.t.web.servlet.TestDispatcherServlet  : Completed initialization in 2 ms
2025-05-29T15:04:16.692+05:30  INFO 21572 --- [library-events-producer] [    Test worker] c.l.c.LibraryEventsControllerTest        : Started LibraryEventsControllerTest in 1.169 seconds (process running for 31.388)
2025-05-29T15:04:16.932+05:30  INFO 21572 --- [library-events-producer] [    Test worker] c.l.controller.LibraryEventsController   : LibraryEvent: LibraryEvent[libraryEventId=null, libraryEventType=NEW, book=Book[bookId=123, bookName=Dilip, bookAuthor=Kafka Using Spring Boot]]
2025-05-29T15:04:16.939+05:30  INFO 21572 --- [library-events-producer] [    Test worker] c.l.controller.LibraryEventsController   : LibraryEvent sent to Kafka topic
2025-05-29T15:04:17.079+05:30  INFO 21572 --- [library-events-producer] [    Test worker] c.l.c.LibraryEventsControllerAdvice      : ErrorMessage: book.bookId - must not be null, book.bookName - must not be blank
]]></system-out>
  <system-err><![CDATA[]]></system-err>
</testsuite>
