<?xml version="1.0" encoding="UTF-8"?>
<testsuite name="com.learnkafka.controller.LibraryEventsControllerTest" tests="2" skipped="0" failures="0" errors="0" timestamp="2025-05-26T09:23:37.198Z" hostname="XW870J264" time="0.442">
  <properties/>
  <testcase name="postLibraryEvent()" classname="com.learnkafka.controller.LibraryEventsControllerTest" time="0.406"/>
  <testcase name="postLibraryEvent_InvalidValues()" classname="com.learnkafka.controller.LibraryEventsControllerTest" time="0.033"/>
  <system-out><![CDATA[14:53:33.680 [Test worker] INFO org.springframework.test.context.support.AnnotationConfigContextLoaderUtils -- Could not detect default configuration classes for test class [com.learnkafka.controller.LibraryEventsControllerTest]: LibraryEventsControllerTest does not declare any static, non-private, non-final, nested classes annotated with @Configuration.
14:53:33.999 [Test worker] INFO org.springframework.boot.test.context.SpringBootTestContextBootstrapper -- Found @SpringBootConfiguration com.learnkafka.LibraryEventsProducerApplication for test class com.learnkafka.controller.LibraryEventsControllerTest

  .   ____          _            __ _ _
 /\\ / ___'_ __ _ _(_)_ __  __ _ \ \ \ \
( ( )\___ | '_ | '_| | '_ \/ _` | \ \ \ \
 \\/  ___)| |_)| | | | | || (_| |  ) ) ) )
  '  |____| .__|_| |_|_| |_\__, | / / / /
 =========|_|==============|___/=/_/_/_/

 :: Spring Boot ::                (v3.4.5)

2025-05-26T14:53:34.604+05:30  INFO 17444 --- [library-events-producer] [    Test worker] c.l.c.LibraryEventsControllerTest        : Starting LibraryEventsControllerTest using Java 23.0.1 with PID 17444 (started by HS965NW in C:\Users\HS965NW\OneDrive - EY\Desktop\kafka-poc\library-events-producer)
2025-05-26T14:53:34.605+05:30  INFO 17444 --- [library-events-producer] [    Test worker] c.l.c.LibraryEventsControllerTest        : The following 1 profile is active: "local"
2025-05-26T14:53:37.124+05:30  INFO 17444 --- [library-events-producer] [    Test worker] o.s.b.t.m.w.SpringBootMockServletContext : Initializing Spring TestDispatcherServlet ''
2025-05-26T14:53:37.124+05:30  INFO 17444 --- [library-events-producer] [    Test worker] o.s.t.web.servlet.TestDispatcherServlet  : Initializing Servlet ''
2025-05-26T14:53:37.127+05:30  INFO 17444 --- [library-events-producer] [    Test worker] o.s.t.web.servlet.TestDispatcherServlet  : Completed initialization in 1 ms
2025-05-26T14:53:37.181+05:30  INFO 17444 --- [library-events-producer] [    Test worker] c.l.c.LibraryEventsControllerTest        : Started LibraryEventsControllerTest in 3.098 seconds (process running for 12.616)
2025-05-26T14:53:37.569+05:30  INFO 17444 --- [library-events-producer] [    Test worker] c.l.controller.LibraryEventsController   : LibraryEvent: LibraryEvent[libraryEventId=null, libraryEventType=NEW, book=Book[bookId=123, bookName=Dilip, bookAuthor=Kafka Using Spring Boot]]
2025-05-26T14:53:37.578+05:30  INFO 17444 --- [library-events-producer] [    Test worker] c.l.controller.LibraryEventsController   : LibraryEvent sent to Kafka topic
2025-05-26T14:53:37.631+05:30  INFO 17444 --- [library-events-producer] [    Test worker] c.l.c.LibraryEventsControllerAdvice      : ErrorMessage: book.bookId - must not be null, book.bookName - must not be blank
]]></system-out>
  <system-err><![CDATA[Mockito is currently self-attaching to enable the inline-mock-maker. This will no longer work in future releases of the JDK. Please add Mockito as an agent to your build what is described in Mockito's documentation: https://javadoc.io/doc/org.mockito/mockito-core/latest/org/mockito/Mockito.html#0.3
WARNING: A Java agent has been loaded dynamically (C:\Users\HS965NW\.gradle\caches\modules-2\files-2.1\net.bytebuddy\byte-buddy-agent\1.15.11\a38b16385e867f59a641330f0362ebe742788ed8\byte-buddy-agent-1.15.11.jar)
WARNING: If a serviceability tool is in use, please run with -XX:+EnableDynamicAgentLoading to hide this warning
WARNING: If a serviceability tool is not in use, please run with -Djdk.instrument.traceUsage for more information
WARNING: Dynamic loading of agents will be disallowed by default in a future release
]]></system-err>
</testsuite>
